# JRE version: Java(TM) SE Runtime Environment (8.0_45-b14) (build 1.8.0_45-b14)
# Java VM: Java HotSpot(TM) 64-Bit Server VM (25.45-b02 mixed mode linux-amd64 compressed oops)
Heap:
 PSYoungGen      total 250368K, used 0K [0x00000000eab00000, 0x00000000fef80000, 0x0000000100000000)
  eden space 214528K, 0% used [0x00000000eab00000,0x00000000eab00000,0x00000000f7c80000)
  from space 35840K, 0% used [0x00000000fba00000,0x00000000fba00000,0x00000000fdd00000)
  to   space 58880K, 0% used [0x00000000f7c80000,0x00000000f7c80000,0x00000000fb600000)
 ParOldGen       total 132096K, used 113525K [0x00000000c0000000, 0x00000000c8100000, 0x00000000eab00000)
  object space 132096K, 85% used [0x00000000c0000000,0x00000000c6edd4c0,0x00000000c8100000)
 Metaspace       used 6009K, capacity 7152K, committed 7296K, reserved 1056768K
  class space    used 566K, capacity 616K, committed 640K, reserved 1048576K
GC Heap History (10 events):
Event: 17.016 GC heap after
Heap after GC invocations=10 (full 0):
 PSYoungGen      total 209408K, used 17659K [0x00000000eab00000, 0x00000000f9100000, 0x0000000100000000)
  eden space 187904K, 0% used [0x00000000eab00000,0x00000000eab00000,0x00000000f6280000)
  from space 21504K, 82% used [0x00000000f7900000,0x00000000f8a3ee30,0x00000000f8e00000)
  to   space 23040K, 0% used [0x00000000f6280000,0x00000000f6280000,0x00000000f7900000)
 ParOldGen       total 41472K, used 40987K [0x00000000c0000000, 0x00000000c2880000, 0x00000000eab00000)
  object space 41472K, 98% used [0x00000000c0000000,0x00000000c2806cf8,0x00000000c2880000)
 Metaspace       used 5992K, capacity 7152K, committed 7296K, reserved 1056768K
  class space    used 566K, capacity 616K, committed 640K, reserved 1048576K
}
Event: 17.016 GC heap before
{Heap before GC invocations=11 (full 1):
 PSYoungGen      total 209408K, used 17659K [0x00000000eab00000, 0x00000000f9100000, 0x0000000100000000)
  eden space 187904K, 0% used [0x00000000eab00000,0x00000000eab00000,0x00000000f6280000)
  from space 21504K, 82% used [0x00000000f7900000,0x00000000f8a3ee30,0x00000000f8e00000)
  to   space 23040K, 0% used [0x00000000f6280000,0x00000000f6280000,0x00000000f7900000)
 ParOldGen       total 41472K, used 40987K [0x00000000c0000000, 0x00000000c2880000, 0x00000000eab00000)
  object space 41472K, 98% used [0x00000000c0000000,0x00000000c2806cf8,0x00000000c2880000)
 Metaspace       used 5992K, capacity 7152K, committed 7296K, reserved 1056768K
  class space    used 566K, capacity 616K, committed 640K, reserved 1048576K
Event: 18.190 GC heap after
Heap after GC invocations=11 (full 1):
 PSYoungGen      total 209408K, used 9184K [0x00000000eab00000, 0x00000000f9100000, 0x0000000100000000)
  eden space 187904K, 0% used [0x00000000eab00000,0x00000000eab00000,0x00000000f6280000)
  from space 21504K, 42% used [0x00000000f7900000,0x00000000f81f8298,0x00000000f8e00000)
  to   space 23040K, 0% used [0x00000000f6280000,0x00000000f6280000,0x00000000f7900000)
 ParOldGen       total 74240K, used 41129K [0x00000000c0000000, 0x00000000c4880000, 0x00000000eab00000)
  object space 74240K, 55% used [0x00000000c0000000,0x00000000c282a548,0x00000000c4880000)
 Metaspace       used 5992K, capacity 7152K, committed 7296K, reserved 1056768K
  class space    used 566K, capacity 616K, committed 640K, reserved 1048576K
}
Event: 20.830 GC heap before
{Heap before GC invocations=12 (full 1):
 PSYoungGen      total 209408K, used 197088K [0x00000000eab00000, 0x00000000f9100000, 0x0000000100000000)
  eden space 187904K, 100% used [0x00000000eab00000,0x00000000f6280000,0x00000000f6280000)
  from space 21504K, 42% used [0x00000000f7900000,0x00000000f81f8298,0x00000000f8e00000)
  to   space 23040K, 0% used [0x00000000f6280000,0x00000000f6280000,0x00000000f7900000)
 ParOldGen       total 74240K, used 41129K [0x00000000c0000000, 0x00000000c4880000, 0x00000000eab00000)
  object space 74240K, 55% used [0x00000000c0000000,0x00000000c282a548,0x00000000c4880000)
 Metaspace       used 6002K, capacity 7152K, committed 7296K, reserved 1056768K
  class space    used 566K, capacity 616K, committed 640K, reserved 1048576K
Event: 21.028 GC heap after
Heap after GC invocations=12 (full 1):
 PSYoungGen      total 210944K, used 23008K [0x00000000eab00000, 0x00000000fdd00000, 0x0000000100000000)
  eden space 187904K, 0% used [0x00000000eab00000,0x00000000eab00000,0x00000000f6280000)
  from space 23040K, 99% used [0x00000000f6280000,0x00000000f78f8010,0x00000000f7900000)
  to   space 35840K, 0% used [0x00000000fba00000,0x00000000fba00000,0x00000000fdd00000)
 ParOldGen       total 74240K, used 65623K [0x00000000c0000000, 0x00000000c4880000, 0x00000000eab00000)
  object space 74240K, 88% used [0x00000000c0000000,0x00000000c4015ca8,0x00000000c4880000)
 Metaspace       used 6002K, capacity 7152K, committed 7296K, reserved 1056768K
  class space    used 566K, capacity 616K, committed 640K, reserved 1048576K
}
Event: 21.028 GC heap before
{Heap before GC invocations=13 (full 2):
 PSYoungGen      total 210944K, used 23008K [0x00000000eab00000, 0x00000000fdd00000, 0x0000000100000000)
  eden space 187904K, 0% used [0x00000000eab00000,0x00000000eab00000,0x00000000f6280000)
  from space 23040K, 99% used [0x00000000f6280000,0x00000000f78f8010,0x00000000f7900000)
  to   space 35840K, 0% used [0x00000000fba00000,0x00000000fba00000,0x00000000fdd00000)
 ParOldGen       total 74240K, used 65623K [0x00000000c0000000, 0x00000000c4880000, 0x00000000eab00000)
  object space 74240K, 88% used [0x00000000c0000000,0x00000000c4015ca8,0x00000000c4880000)
 Metaspace       used 6002K, capacity 7152K, committed 7296K, reserved 1056768K
  class space    used 566K, capacity 616K, committed 640K, reserved 1048576K
Event: 22.402 GC heap after
Heap after GC invocations=13 (full 2):
 PSYoungGen      total 210944K, used 13235K [0x00000000eab00000, 0x00000000fdd00000, 0x0000000100000000)
  eden space 187904K, 0% used [0x00000000eab00000,0x00000000eab00000,0x00000000f6280000)
  from space 23040K, 57% used [0x00000000f6280000,0x00000000f6f6cfb0,0x00000000f7900000)
  to   space 35840K, 0% used [0x00000000fba00000,0x00000000fba00000,0x00000000fdd00000)
 ParOldGen       total 132096K, used 73746K [0x00000000c0000000, 0x00000000c8100000, 0x00000000eab00000)
  object space 132096K, 55% used [0x00000000c0000000,0x00000000c4804830,0x00000000c8100000)
 Metaspace       used 6002K, capacity 7152K, committed 7296K, reserved 1056768K
  class space    used 566K, capacity 616K, committed 640K, reserved 1048576K
}
Event: 25.778 GC heap before
{Heap before GC invocations=14 (full 2):
 PSYoungGen      total 210944K, used 201139K [0x00000000eab00000, 0x00000000fdd00000, 0x0000000100000000)
  eden space 187904K, 100% used [0x00000000eab00000,0x00000000f6280000,0x00000000f6280000)
  from space 23040K, 57% used [0x00000000f6280000,0x00000000f6f6cfb0,0x00000000f7900000)
  to   space 35840K, 0% used [0x00000000fba00000,0x00000000fba00000,0x00000000fdd00000)
 ParOldGen       total 132096K, used 73746K [0x00000000c0000000, 0x00000000c8100000, 0x00000000eab00000)
  object space 132096K, 55% used [0x00000000c0000000,0x00000000c4804830,0x00000000c8100000)
 Metaspace       used 6009K, capacity 7152K, committed 7296K, reserved 1056768K
  class space    used 566K, capacity 616K, committed 640K, reserved 1048576K
Event: 26.103 GC heap after
Heap after GC invocations=14 (full 2):
 PSYoungGen      total 250368K, used 35814K [0x00000000eab00000, 0x00000000fef80000, 0x0000000100000000)
  eden space 214528K, 0% used [0x00000000eab00000,0x00000000eab00000,0x00000000f7c80000)
  from space 35840K, 99% used [0x00000000fba00000,0x00000000fdcf9b40,0x00000000fdd00000)
  to   space 58880K, 0% used [0x00000000f7c80000,0x00000000f7c80000,0x00000000fb600000)
 ParOldGen       total 132096K, used 121270K [0x00000000c0000000, 0x00000000c8100000, 0x00000000eab00000)
  object space 132096K, 91% used [0x00000000c0000000,0x00000000c766da88,0x00000000c8100000)
 Metaspace       used 6009K, capacity 7152K, committed 7296K, reserved 1056768K
  class space    used 566K, capacity 616K, committed 640K, reserved 1048576K
}
Event: 26.103 GC heap before
{Heap before GC invocations=15 (full 3):
 PSYoungGen      total 250368K, used 35814K [0x00000000eab00000, 0x00000000fef80000, 0x0000000100000000)
  eden space 214528K, 0% used [0x00000000eab00000,0x00000000eab00000,0x00000000f7c80000)
  from space 35840K, 99% used [0x00000000fba00000,0x00000000fdcf9b40,0x00000000fdd00000)
  to   space 58880K, 0% used [0x00000000f7c80000,0x00000000f7c80000,0x00000000fb600000)
 ParOldGen       total 132096K, used 121270K [0x00000000c0000000, 0x00000000c8100000, 0x00000000eab00000)
  object space 132096K, 91% used [0x00000000c0000000,0x00000000c766da88,0x00000000c8100000)
 Metaspace       used 6009K, capacity 7152K, committed 7296K, reserved 1056768K
  class space    used 566K, capacity 616K, committed 640K, reserved 1048576K

